#
# There is insufficient memory for the Java Runtime Environment to continue.
# Native memory allocation (malloc) failed to allocate 947536 bytes for Chunk::new
# Possible reasons:
#   The system is out of physical RAM or swap space
#   The process is running with CompressedOops enabled, and the Java Heap may be blocking the growth of the native heap
# Possible solutions:
#   Reduce memory load on the system
#   Increase physical memory or swap space
#   Check if swap backing store is full
#   Decrease Java heap size (-Xmx/-Xms)
#   Decrease number of Java threads
#   Decrease Java thread stack sizes (-Xss)
#   Set larger code cache with -XX:ReservedCodeCacheSize=
#   JVM is running with Zero Based Compressed Oops mode in which the Java heap is
#     placed in the first 32GB address space. The Java Heap base address is the
#     maximum limit for the native heap growth. Please use -XX:HeapBaseMinAddress
#     to set the Java Heap base and to place the Java Heap above 32GB virtual address.
# This output file may be truncated or incomplete.
#
#  Out of Memory Error (arena.cpp:184), pid=10384, tid=23164
#
# JRE version: Java(TM) SE Runtime Environment (20.0.2+9) (build 20.0.2+9-78)
# Java VM: Java HotSpot(TM) 64-Bit Server VM (20.0.2+9-78, mixed mode, sharing, tiered, compressed oops, compressed class ptrs, g1 gc, windows-amd64)
# No core dump will be written. Minidumps are not enabled by default on client versions of Windows
#

---------------  S U M M A R Y ------------

Command Line: -Dfile.encoding=UTF-8 --module-path=C:\Users\henri\OneDrive\Documentos\GitHub\SIRILANKA-FACE\build\classes view.MenuMain

Host: Intel(R) Core(TM) i5-10300H CPU @ 2.50GHz, 8 cores, 15G,  Windows 11 , 64 bit Build 22621 (10.0.22621.2506)
Time: Sat Nov 25 01:15:28 2023 E. South America Standard Time elapsed time: 2.146373 seconds (0d 0h 0m 2s)

---------------  T H R E A D  ---------------

Current thread (0x00000265c2a8b9e0):  JavaThread "C2 CompilerThread0" daemon [_thread_in_native, id=23164, stack(0x000000b06b500000,0x000000b06b600000)]


Current CompileTask:
C2:   2146 1281   !   4       sun.awt.image.ImageRepresentation::getOpaqueRGBImage (164 bytes)

Stack: [0x000000b06b500000,0x000000b06b600000]
Native frames: (J=compiled Java code, j=interpreted, Vv=VM code, C=native code)
V  [jvm.dll+0x6bc25a]
V  [jvm.dll+0x84971a]
V  [jvm.dll+0x84b315]
V  [jvm.dll+0x84ba13]
V  [jvm.dll+0x280e4f]
V  [jvm.dll+0xc2ab1]
V  [jvm.dll+0xc2dd5]
V  [jvm.dll+0x3bb612]
V  [jvm.dll+0x385b75]
V  [jvm.dll+0x384fea]
V  [jvm.dll+0x24b529]
V  [jvm.dll+0x24a921]
V  [jvm.dll+0x1ce761]
V  [jvm.dll+0x25a0eb]
V  [jvm.dll+0x2587c0]
V  [jvm.dll+0x3f2dd5]
V  [jvm.dll+0x7f5c76]
V  [jvm.dll+0x6baecb]
C  [ucrtbase.dll+0x29363]
C  [KERNEL32.DLL+0x1257d]
C  [ntdll.dll+0x5aa58]


---------------  P R O C E S S  ---------------

Threads class SMR info:
_java_thread_list=0x000002660945c8a0, length=18, elements={
0x00000265c2a79660, 0x00000265c2a7a340, 0x00000265c2a7c550, 0x00000265c2a7f350,
0x00000265c2a839f0, 0x00000265c2a83f90, 0x00000265c2a8b9e0, 0x00000265c2a93650,
0x00000265c2a844e0, 0x00000265c2a84a30, 0x00000265c2a84f80, 0x00000265c2a854d0,
0x00000265c2a85f70, 0x00000265c2a86f60, 0x00000265c2a864c0, 0x00000265c2a85a20,
0x00000265c2a86a10, 0x0000026610817d10
}

Java Threads: ( => current thread )
  0x00000265c2a79660 JavaThread "Reference Handler" daemon [_thread_blocked, id=26500, stack(0x000000b06af00000,0x000000b06b000000)]
  0x00000265c2a7a340 JavaThread "Finalizer" daemon [_thread_blocked, id=16408, stack(0x000000b06b000000,0x000000b06b100000)]
  0x00000265c2a7c550 JavaThread "Signal Dispatcher" daemon [_thread_blocked, id=26520, stack(0x000000b06b100000,0x000000b06b200000)]
  0x00000265c2a7f350 JavaThread "Attach Listener" daemon [_thread_blocked, id=15900, stack(0x000000b06b200000,0x000000b06b300000)]
  0x00000265c2a839f0 JavaThread "Service Thread" daemon [_thread_blocked, id=24732, stack(0x000000b06b300000,0x000000b06b400000)]
  0x00000265c2a83f90 JavaThread "Monitor Deflation Thread" daemon [_thread_blocked, id=25476, stack(0x000000b06b400000,0x000000b06b500000)]
=>0x00000265c2a8b9e0 JavaThread "C2 CompilerThread0" daemon [_thread_in_native, id=23164, stack(0x000000b06b500000,0x000000b06b600000)]
  0x00000265c2a93650 JavaThread "C1 CompilerThread0" daemon [_thread_in_native, id=28664, stack(0x000000b06b600000,0x000000b06b700000)]
  0x00000265c2a844e0 JavaThread "Common-Cleaner" daemon [_thread_blocked, id=27088, stack(0x000000b06b700000,0x000000b06b800000)]
  0x00000265c2a84a30 JavaThread "Notification Thread" daemon [_thread_blocked, id=26868, stack(0x000000b06b800000,0x000000b06b900000)]
  0x00000265c2a84f80 JavaThread "Java2D Disposer" daemon [_thread_blocked, id=26800, stack(0x000000b06ba00000,0x000000b06bb00000)]
  0x00000265c2a854d0 JavaThread "AWT-Shutdown" [_thread_blocked, id=8108, stack(0x000000b06bb00000,0x000000b06bc00000)]
  0x00000265c2a85f70 JavaThread "AWT-Windows" daemon [_thread_in_native, id=11240, stack(0x000000b06bc00000,0x000000b06bd00000)]
  0x00000265c2a86f60 JavaThread "AWT-EventQueue-0" [_thread_in_native, id=5976, stack(0x000000b06bd00000,0x000000b06be00000)]
  0x00000265c2a864c0 JavaThread "DestroyJavaVM" [_thread_blocked, id=26340, stack(0x000000b06a800000,0x000000b06a900000)]
  0x00000265c2a85a20 JavaThread "Image Fetcher 0" daemon [_thread_blocked, id=25812, stack(0x000000b06c000000,0x000000b06c100000)]
  0x00000265c2a86a10 JavaThread "D3D Screen Updater" daemon [_thread_blocked, id=7244, stack(0x000000b06c100000,0x000000b06c200000)]
  0x0000026610817d10 JavaThread "C2 CompilerThread1" daemon [_thread_blocked, id=9544, stack(0x000000b06c340000,0x000000b06c440000)]

Other Threads:
  0x00000265c2a5b370 VMThread "VM Thread" [stack: 0x000000b06ae00000,0x000000b06af00000] [id=21424]
  0x0000026607d62ed0 WatcherThread "VM Periodic Task Thread" [stack: 0x000000b06b900000,0x000000b06ba00000] [id=20792]
  0x00000265a2e42250 WorkerThread "GC Thread#0" [stack: 0x000000b06a900000,0x000000b06aa00000] [id=27852]
  0x00000265a2e53050 ConcurrentGCThread "G1 Main Marker" [stack: 0x000000b06aa00000,0x000000b06ab00000] [id=27112]
  0x00000265a2e545f0 WorkerThread "G1 Conc#0" [stack: 0x000000b06ab00000,0x000000b06ac00000] [id=28020]
  0x00000265c2918560 ConcurrentGCThread "G1 Refine#0" [stack: 0x000000b06ac00000,0x000000b06ad00000] [id=24664]
  0x00000265c2919000 ConcurrentGCThread "G1 Service" [stack: 0x000000b06ad00000,0x000000b06ae00000] [id=23572]

Threads with active compile tasks:
C2 CompilerThread0     2178 1281   !   4       sun.awt.image.ImageRepresentation::getOpaqueRGBImage (164 bytes)
C1 CompilerThread0     2178 1417       3       sun.java2d.marlin.Renderer::_endRendering (2646 bytes)

VM state: not at safepoint (normal execution)

VM Mutex/Monitor currently owned by a thread: None

Heap address: 0x0000000702a00000, size: 4054 MB, Compressed Oops mode: Zero based, Oop shift amount: 3

CDS archive(s) mapped at: [0x00000265c2c00000-0x00000265c3860000-0x00000265c3860000), size 12976128, SharedBaseAddress: 0x00000265c2c00000, ArchiveRelocationMode: 1.
Compressed class space mapped at: 0x00000265c3c00000-0x0000026603c00000, reserved size: 1073741824
Narrow klass base: 0x00000265c2c00000, Narrow klass shift: 0, Narrow klass range: 0x100000000

GC Precious Log:
 CardTable entry size: 512
 Card Set container configuration: InlinePtr #cards 4 size 8 Array Of Cards #cards 16 size 48 Howl #buckets 8 coarsen threshold 3686 Howl Bitmap #cards 512 size 80 coarsen threshold 460 Card regions per heap region 1 cards per card region 4096
 CPUs: 8 total, 8 available
 Memory: 16215M
 Large Page Support: Disabled
 NUMA Support: Disabled
 Compressed Oops: Enabled (Zero based)
 Heap Region Size: 2M
 Heap Min Capacity: 8M
 Heap Initial Capacity: 254M
 Heap Max Capacity: 4054M
 Pre-touch: Disabled
 Parallel Workers: 8
 Concurrent Workers: 2
 Concurrent Refinement Workers: 8
 Periodic GC: Disabled

Heap:
 garbage-first heap   total 260096K, used 22528K [0x0000000702a00000, 0x0000000800000000)
  region size 2048K, 10 young (20480K), 0 survivors (0K)
 Metaspace       used 9760K, committed 9984K, reserved 1114112K
  class space    used 1092K, committed 1216K, reserved 1048576K

Heap Regions: E=young(eden), S=young(survivor), O=old, HS=humongous(starts), HC=humongous(continues), CS=collection set, F=free, OA=open archive, CA=closed archive, TAMS=top-at-mark-start, PB=parsable bottom
|   0|0x0000000702a00000, 0x0000000702c00000, 0x0000000702c00000|100%|HS|  |TAMS 0x0000000702a00000| PB 0x0000000702a00000| Complete 
|   1|0x0000000702c00000, 0x0000000702e00000, 0x0000000702e00000|100%|HS|  |TAMS 0x0000000702c00000| PB 0x0000000702c00000| Complete 
|   2|0x0000000702e00000, 0x0000000703000000, 0x0000000703000000|100%|HS|  |TAMS 0x0000000702e00000| PB 0x0000000702e00000| Complete 
|   3|0x0000000703000000, 0x0000000703000000, 0x0000000703200000|  0%| F|  |TAMS 0x0000000703000000| PB 0x0000000703000000| Untracked 
|   4|0x0000000703200000, 0x0000000703200000, 0x0000000703400000|  0%| F|  |TAMS 0x0000000703200000| PB 0x0000000703200000| Untracked 
|   5|0x0000000703400000, 0x0000000703400000, 0x0000000703600000|  0%| F|  |TAMS 0x0000000703400000| PB 0x0000000703400000| Untracked 
|   6|0x0000000703600000, 0x0000000703600000, 0x0000000703800000|  0%| F|  |TAMS 0x0000000703600000| PB 0x0000000703600000| Untracked 
|   7|0x0000000703800000, 0x0000000703800000, 0x0000000703a00000|  0%| F|  |TAMS 0x0000000703800000| PB 0x0000000703800000| Untracked 
|   8|0x0000000703a00000, 0x0000000703a00000, 0x0000000703c00000|  0%| F|  |TAMS 0x0000000703a00000| PB 0x0000000703a00000| Untracked 
|   9|0x0000000703c00000, 0x0000000703c00000, 0x0000000703e00000|  0%| F|  |TAMS 0x0000000703c00000| PB 0x0000000703c00000| Untracked 
|  10|0x0000000703e00000, 0x0000000703e00000, 0x0000000704000000|  0%| F|  |TAMS 0x0000000703e00000| PB 0x0000000703e00000| Untracked 
|  11|0x0000000704000000, 0x0000000704000000, 0x0000000704200000|  0%| F|  |TAMS 0x0000000704000000| PB 0x0000000704000000| Untracked 
|  12|0x0000000704200000, 0x0000000704200000, 0x0000000704400000|  0%| F|  |TAMS 0x0000000704200000| PB 0x0000000704200000| Untracked 
|  13|0x0000000704400000, 0x0000000704400000, 0x0000000704600000|  0%| F|  |TAMS 0x0000000704400000| PB 0x0000000704400000| Untracked 
|  14|0x0000000704600000, 0x0000000704600000, 0x0000000704800000|  0%| F|  |TAMS 0x0000000704600000| PB 0x0000000704600000| Untracked 
|  15|0x0000000704800000, 0x0000000704800000, 0x0000000704a00000|  0%| F|  |TAMS 0x0000000704800000| PB 0x0000000704800000| Untracked 
|  16|0x0000000704a00000, 0x0000000704a00000, 0x0000000704c00000|  0%| F|  |TAMS 0x0000000704a00000| PB 0x0000000704a00000| Untracked 
|  17|0x0000000704c00000, 0x0000000704c00000, 0x0000000704e00000|  0%| F|  |TAMS 0x0000000704c00000| PB 0x0000000704c00000| Untracked 
|  18|0x0000000704e00000, 0x0000000704e00000, 0x0000000705000000|  0%| F|  |TAMS 0x0000000704e00000| PB 0x0000000704e00000| Untracked 
|  19|0x0000000705000000, 0x0000000705000000, 0x0000000705200000|  0%| F|  |TAMS 0x0000000705000000| PB 0x0000000705000000| Untracked 
|  20|0x0000000705200000, 0x0000000705200000, 0x0000000705400000|  0%| F|  |TAMS 0x0000000705200000| PB 0x0000000705200000| Untracked 
|  21|0x0000000705400000, 0x0000000705400000, 0x0000000705600000|  0%| F|  |TAMS 0x0000000705400000| PB 0x0000000705400000| Untracked 
|  22|0x0000000705600000, 0x0000000705600000, 0x0000000705800000|  0%| F|  |TAMS 0x0000000705600000| PB 0x0000000705600000| Untracked 
|  23|0x0000000705800000, 0x0000000705800000, 0x0000000705a00000|  0%| F|  |TAMS 0x0000000705800000| PB 0x0000000705800000| Untracked 
|  24|0x0000000705a00000, 0x0000000705a00000, 0x0000000705c00000|  0%| F|  |TAMS 0x0000000705a00000| PB 0x0000000705a00000| Untracked 
|  25|0x0000000705c00000, 0x0000000705c00000, 0x0000000705e00000|  0%| F|  |TAMS 0x0000000705c00000| PB 0x0000000705c00000| Untracked 
|  26|0x0000000705e00000, 0x0000000705e00000, 0x0000000706000000|  0%| F|  |TAMS 0x0000000705e00000| PB 0x0000000705e00000| Untracked 
|  27|0x0000000706000000, 0x0000000706000000, 0x0000000706200000|  0%| F|  |TAMS 0x0000000706000000| PB 0x0000000706000000| Untracked 
|  28|0x0000000706200000, 0x0000000706200000, 0x0000000706400000|  0%| F|  |TAMS 0x0000000706200000| PB 0x0000000706200000| Untracked 
|  29|0x0000000706400000, 0x0000000706400000, 0x0000000706600000|  0%| F|  |TAMS 0x0000000706400000| PB 0x0000000706400000| Untracked 
|  30|0x0000000706600000, 0x0000000706600000, 0x0000000706800000|  0%| F|  |TAMS 0x0000000706600000| PB 0x0000000706600000| Untracked 
|  31|0x0000000706800000, 0x0000000706800000, 0x0000000706a00000|  0%| F|  |TAMS 0x0000000706800000| PB 0x0000000706800000| Untracked 
|  32|0x0000000706a00000, 0x0000000706a00000, 0x0000000706c00000|  0%| F|  |TAMS 0x0000000706a00000| PB 0x0000000706a00000| Untracked 
|  33|0x0000000706c00000, 0x0000000706c00000, 0x0000000706e00000|  0%| F|  |TAMS 0x0000000706c00000| PB 0x0000000706c00000| Untracked 
|  34|0x0000000706e00000, 0x0000000706e00000, 0x0000000707000000|  0%| F|  |TAMS 0x0000000706e00000| PB 0x0000000706e00000| Untracked 
|  35|0x0000000707000000, 0x0000000707000000, 0x0000000707200000|  0%| F|  |TAMS 0x0000000707000000| PB 0x0000000707000000| Untracked 
|  36|0x0000000707200000, 0x0000000707200000, 0x0000000707400000|  0%| F|  |TAMS 0x0000000707200000| PB 0x0000000707200000| Untracked 
|  37|0x0000000707400000, 0x0000000707400000, 0x0000000707600000|  0%| F|  |TAMS 0x0000000707400000| PB 0x0000000707400000| Untracked 
|  38|0x0000000707600000, 0x0000000707600000, 0x0000000707800000|  0%| F|  |TAMS 0x0000000707600000| PB 0x0000000707600000| Untracked 
|  39|0x0000000707800000, 0x0000000707800000, 0x0000000707a00000|  0%| F|  |TAMS 0x0000000707800000| PB 0x0000000707800000| Untracked 
|  40|0x0000000707a00000, 0x0000000707a00000, 0x0000000707c00000|  0%| F|  |TAMS 0x0000000707a00000| PB 0x0000000707a00000| Untracked 
|  41|0x0000000707c00000, 0x0000000707c00000, 0x0000000707e00000|  0%| F|  |TAMS 0x0000000707c00000| PB 0x0000000707c00000| Untracked 
|  42|0x0000000707e00000, 0x0000000707e00000, 0x0000000708000000|  0%| F|  |TAMS 0x0000000707e00000| PB 0x0000000707e00000| Untracked 
|  43|0x0000000708000000, 0x0000000708000000, 0x0000000708200000|  0%| F|  |TAMS 0x0000000708000000| PB 0x0000000708000000| Untracked 
|  44|0x0000000708200000, 0x0000000708200000, 0x0000000708400000|  0%| F|  |TAMS 0x0000000708200000| PB 0x0000000708200000| Untracked 
|  45|0x0000000708400000, 0x0000000708400000, 0x0000000708600000|  0%| F|  |TAMS 0x0000000708400000| PB 0x0000000708400000| Untracked 
|  46|0x0000000708600000, 0x0000000708600000, 0x0000000708800000|  0%| F|  |TAMS 0x0000000708600000| PB 0x0000000708600000| Untracked 
|  47|0x0000000708800000, 0x0000000708800000, 0x0000000708a00000|  0%| F|  |TAMS 0x0000000708800000| PB 0x0000000708800000| Untracked 
|  48|0x0000000708a00000, 0x0000000708a00000, 0x0000000708c00000|  0%| F|  |TAMS 0x0000000708a00000| PB 0x0000000708a00000| Untracked 
|  49|0x0000000708c00000, 0x0000000708c00000, 0x0000000708e00000|  0%| F|  |TAMS 0x0000000708c00000| PB 0x0000000708c00000| Untracked 
|  50|0x0000000708e00000, 0x0000000708e00000, 0x0000000709000000|  0%| F|  |TAMS 0x0000000708e00000| PB 0x0000000708e00000| Untracked 
|  51|0x0000000709000000, 0x0000000709000000, 0x0000000709200000|  0%| F|  |TAMS 0x0000000709000000| PB 0x0000000709000000| Untracked 
|  52|0x0000000709200000, 0x0000000709200000, 0x0000000709400000|  0%| F|  |TAMS 0x0000000709200000| PB 0x0000000709200000| Untracked 
|  53|0x0000000709400000, 0x0000000709400000, 0x0000000709600000|  0%| F|  |TAMS 0x0000000709400000| PB 0x0000000709400000| Untracked 
|  54|0x0000000709600000, 0x0000000709600000, 0x0000000709800000|  0%| F|  |TAMS 0x0000000709600000| PB 0x0000000709600000| Untracked 
|  55|0x0000000709800000, 0x0000000709800000, 0x0000000709a00000|  0%| F|  |TAMS 0x0000000709800000| PB 0x0000000709800000| Untracked 
|  56|0x0000000709a00000, 0x0000000709a00000, 0x0000000709c00000|  0%| F|  |TAMS 0x0000000709a00000| PB 0x0000000709a00000| Untracked 
|  57|0x0000000709c00000, 0x0000000709c00000, 0x0000000709e00000|  0%| F|  |TAMS 0x0000000709c00000| PB 0x0000000709c00000| Untracked 
|  58|0x0000000709e00000, 0x0000000709e00000, 0x000000070a000000|  0%| F|  |TAMS 0x0000000709e00000| PB 0x0000000709e00000| Untracked 
|  59|0x000000070a000000, 0x000000070a000000, 0x000000070a200000|  0%| F|  |TAMS 0x000000070a000000| PB 0x000000070a000000| Untracked 
|  60|0x000000070a200000, 0x000000070a200000, 0x000000070a400000|  0%| F|  |TAMS 0x000000070a200000| PB 0x000000070a200000| Untracked 
|  61|0x000000070a400000, 0x000000070a400000, 0x000000070a600000|  0%| F|  |TAMS 0x000000070a400000| PB 0x000000070a400000| Untracked 
|  62|0x000000070a600000, 0x000000070a600000, 0x000000070a800000|  0%| F|  |TAMS 0x000000070a600000| PB 0x000000070a600000| Untracked 
|  63|0x000000070a800000, 0x000000070a800000, 0x000000070aa00000|  0%| F|  |TAMS 0x000000070a800000| PB 0x000000070a800000| Untracked 
|  64|0x000000070aa00000, 0x000000070aa00000, 0x000000070ac00000|  0%| F|  |TAMS 0x000000070aa00000| PB 0x000000070aa00000| Untracked 
|  65|0x000000070ac00000, 0x000000070ac00000, 0x000000070ae00000|  0%| F|  |TAMS 0x000000070ac00000| PB 0x000000070ac00000| Untracked 
|  66|0x000000070ae00000, 0x000000070ae00000, 0x000000070b000000|  0%| F|  |TAMS 0x000000070ae00000| PB 0x000000070ae00000| Untracked 
|  67|0x000000070b000000, 0x000000070b000000, 0x000000070b200000|  0%| F|  |TAMS 0x000000070b000000| PB 0x000000070b000000| Untracked 
|  68|0x000000070b200000, 0x000000070b200000, 0x000000070b400000|  0%| F|  |TAMS 0x000000070b200000| PB 0x000000070b200000| Untracked 
|  69|0x000000070b400000, 0x000000070b400000, 0x000000070b600000|  0%| F|  |TAMS 0x000000070b400000| PB 0x000000070b400000| Untracked 
|  70|0x000000070b600000, 0x000000070b600000, 0x000000070b800000|  0%| F|  |TAMS 0x000000070b600000| PB 0x000000070b600000| Untracked 
|  71|0x000000070b800000, 0x000000070b800000, 0x000000070ba00000|  0%| F|  |TAMS 0x000000070b800000| PB 0x000000070b800000| Untracked 
|  72|0x000000070ba00000, 0x000000070ba00000, 0x000000070bc00000|  0%| F|  |TAMS 0x000000070ba00000| PB 0x000000070ba00000| Untracked 
|  73|0x000000070bc00000, 0x000000070bc00000, 0x000000070be00000|  0%| F|  |TAMS 0x000000070bc00000| PB 0x000000070bc00000| Untracked 
|  74|0x000000070be00000, 0x000000070be00000, 0x000000070c000000|  0%| F|  |TAMS 0x000000070be00000| PB 0x000000070be00000| Untracked 
|  75|0x000000070c000000, 0x000000070c000000, 0x000000070c200000|  0%| F|  |TAMS 0x000000070c000000| PB 0x000000070c000000| Untracked 
|  76|0x000000070c200000, 0x000000070c200000, 0x000000070c400000|  0%| F|  |TAMS 0x000000070c200000| PB 0x000000070c200000| Untracked 
|  77|0x000000070c400000, 0x000000070c400000, 0x000000070c600000|  0%| F|  |TAMS 0x000000070c400000| PB 0x000000070c400000| Untracked 
|  78|0x000000070c600000, 0x000000070c600000, 0x000000070c800000|  0%| F|  |TAMS 0x000000070c600000| PB 0x000000070c600000| Untracked 
|  79|0x000000070c800000, 0x000000070c800000, 0x000000070ca00000|  0%| F|  |TAMS 0x000000070c800000| PB 0x000000070c800000| Untracked 
|  80|0x000000070ca00000, 0x000000070ca00000, 0x000000070cc00000|  0%| F|  |TAMS 0x000000070ca00000| PB 0x000000070ca00000| Untracked 
|  81|0x000000070cc00000, 0x000000070cc00000, 0x000000070ce00000|  0%| F|  |TAMS 0x000000070cc00000| PB 0x000000070cc00000| Untracked 
|  82|0x000000070ce00000, 0x000000070ce00000, 0x000000070d000000|  0%| F|  |TAMS 0x000000070ce00000| PB 0x000000070ce00000| Untracked 
|  83|0x000000070d000000, 0x000000070d000000, 0x000000070d200000|  0%| F|  |TAMS 0x000000070d000000| PB 0x000000070d000000| Untracked 
|  84|0x000000070d200000, 0x000000070d200000, 0x000000070d400000|  0%| F|  |TAMS 0x000000070d200000| PB 0x000000070d200000| Untracked 
|  85|0x000000070d400000, 0x000000070d400000, 0x000000070d600000|  0%| F|  |TAMS 0x000000070d400000| PB 0x000000070d400000| Untracked 
|  86|0x000000070d600000, 0x000000070d600000, 0x000000070d800000|  0%| F|  |TAMS 0x000000070d600000| PB 0x000000070d600000| Untracked 
|  87|0x000000070d800000, 0x000000070d800000, 0x000000070da00000|  0%| F|  |TAMS 0x000000070d800000| PB 0x000000070d800000| Untracked 
|  88|0x000000070da00000, 0x000000070da00000, 0x000000070dc00000|  0%| F|  |TAMS 0x000000070da00000| PB 0x000000070da00000| Untracked 
|  89|0x000000070dc00000, 0x000000070dc00000, 0x000000070de00000|  0%| F|  |TAMS 0x000000070dc00000| PB 0x000000070dc00000| Untracked 
|  90|0x000000070de00000, 0x000000070de00000, 0x000000070e000000|  0%| F|  |TAMS 0x000000070de00000| PB 0x000000070de00000| Untracked 
|  91|0x000000070e000000, 0x000000070e000000, 0x000000070e200000|  0%| F|  |TAMS 0x000000070e000000| PB 0x000000070e000000| Untracked 
|  92|0x000000070e200000, 0x000000070e200000, 0x000000070e400000|  0%| F|  |TAMS 0x000000070e200000| PB 0x000000070e200000| Untracked 
|  93|0x000000070e400000, 0x000000070e400000, 0x000000070e600000|  0%| F|  |TAMS 0x000000070e400000| PB 0x000000070e400000| Untracked 
|  94|0x000000070e600000, 0x000000070e600000, 0x000000070e800000|  0%| F|  |TAMS 0x000000070e600000| PB 0x000000070e600000| Untracked 
|  95|0x000000070e800000, 0x000000070e800000, 0x000000070ea00000|  0%| F|  |TAMS 0x000000070e800000| PB 0x000000070e800000| Untracked 
|  96|0x000000070ea00000, 0x000000070ea00000, 0x000000070ec00000|  0%| F|  |TAMS 0x000000070ea00000| PB 0x000000070ea00000| Untracked 
|  97|0x000000070ec00000, 0x000000070ec00000, 0x000000070ee00000|  0%| F|  |TAMS 0x000000070ec00000| PB 0x000000070ec00000| Untracked 
|  98|0x000000070ee00000, 0x000000070ee00000, 0x000000070f000000|  0%| F|  |TAMS 0x000000070ee00000| PB 0x000000070ee00000| Untracked 
|  99|0x000000070f000000, 0x000000070f000000, 0x000000070f200000|  0%| F|  |TAMS 0x000000070f000000| PB 0x000000070f000000| Untracked 
| 100|0x000000070f200000, 0x000000070f200000, 0x000000070f400000|  0%| F|  |TAMS 0x000000070f200000| PB 0x000000070f200000| Untracked 
| 101|0x000000070f400000, 0x000000070f400000, 0x000000070f600000|  0%| F|  |TAMS 0x000000070f400000| PB 0x000000070f400000| Untracked 
| 102|0x000000070f600000, 0x000000070f600000, 0x000000070f800000|  0%| F|  |TAMS 0x000000070f600000| PB 0x000000070f600000| Untracked 
| 103|0x000000070f800000, 0x000000070f800000, 0x000000070fa00000|  0%| F|  |TAMS 0x000000070f800000| PB 0x000000070f800000| Untracked 
| 104|0x000000070fa00000, 0x000000070fa00000, 0x000000070fc00000|  0%| F|  |TAMS 0x000000070fa00000| PB 0x000000070fa00000| Untracked 
| 105|0x000000070fc00000, 0x000000070fc00000, 0x000000070fe00000|  0%| F|  |TAMS 0x000000070fc00000| PB 0x000000070fc00000| Untracked 
| 106|0x000000070fe00000, 0x000000070fe00000, 0x0000000710000000|  0%| F|  |TAMS 0x000000070fe00000| PB 0x000000070fe00000| Untracked 
| 107|0x0000000710000000, 0x0000000710000000, 0x0000000710200000|  0%| F|  |TAMS 0x0000000710000000| PB 0x0000000710000000| Untracked 
| 108|0x0000000710200000, 0x0000000710200000, 0x0000000710400000|  0%| F|  |TAMS 0x0000000710200000| PB 0x0000000710200000| Untracked 
| 109|0x0000000710400000, 0x0000000710400000, 0x0000000710600000|  0%| F|  |TAMS 0x0000000710400000| PB 0x0000000710400000| Untracked 
| 110|0x0000000710600000, 0x0000000710600000, 0x0000000710800000|  0%| F|  |TAMS 0x0000000710600000| PB 0x0000000710600000| Untracked 
| 111|0x0000000710800000, 0x0000000710800000, 0x0000000710a00000|  0%| F|  |TAMS 0x0000000710800000| PB 0x0000000710800000| Untracked 
| 112|0x0000000710a00000, 0x0000000710a00000, 0x0000000710c00000|  0%| F|  |TAMS 0x0000000710a00000| PB 0x0000000710a00000| Untracked 
| 113|0x0000000710c00000, 0x0000000710c00000, 0x0000000710e00000|  0%| F|  |TAMS 0x0000000710c00000| PB 0x0000000710c00000| Untracked 
| 114|0x0000000710e00000, 0x0000000710e00000, 0x0000000711000000|  0%| F|  |TAMS 0x0000000710e00000| PB 0x0000000710e00000| Untracked 
| 115|0x0000000711000000, 0x0000000711000000, 0x0000000711200000|  0%| F|  |TAMS 0x0000000711000000| PB 0x0000000711000000| Untracked 
| 116|0x0000000711200000, 0x0000000711200000, 0x0000000711400000|  0%| F|  |TAMS 0x0000000711200000| PB 0x0000000711200000| Untracked 
| 117|0x0000000711400000, 0x00000007115c8170, 0x0000000711600000| 89%| E|  |TAMS 0x0000000711400000| PB 0x0000000711400000| Complete 
| 118|0x0000000711600000, 0x0000000711800000, 0x0000000711800000|100%| E|CS|TAMS 0x0000000711600000| PB 0x0000000711600000| Complete 
| 119|0x0000000711800000, 0x0000000711a00000, 0x0000000711a00000|100%| E|CS|TAMS 0x0000000711800000| PB 0x0000000711800000| Complete 
| 120|0x0000000711a00000, 0x0000000711c00000, 0x0000000711c00000|100%| E|  |TAMS 0x0000000711a00000| PB 0x0000000711a00000| Complete 
| 121|0x0000000711c00000, 0x0000000711e00000, 0x0000000711e00000|100%| E|CS|TAMS 0x0000000711c00000| PB 0x0000000711c00000| Complete 
| 122|0x0000000711e00000, 0x0000000712000000, 0x0000000712000000|100%| E|CS|TAMS 0x0000000711e00000| PB 0x0000000711e00000| Complete 
| 123|0x0000000712000000, 0x0000000712200000, 0x0000000712200000|100%| E|CS|TAMS 0x0000000712000000| PB 0x0000000712000000| Complete 
| 124|0x0000000712200000, 0x0000000712400000, 0x0000000712400000|100%| E|CS|TAMS 0x0000000712200000| PB 0x0000000712200000| Complete 
| 125|0x0000000712400000, 0x0000000712600000, 0x0000000712600000|100%| E|CS|TAMS 0x0000000712400000| PB 0x0000000712400000| Complete 
| 126|0x0000000712600000, 0x0000000712800000, 0x0000000712800000|100%| E|CS|TAMS 0x0000000712600000| PB 0x0000000712600000| Complete 

Card table byte_map: [0x00000265bb100000,0x00000265bb8f0000] _byte_map_base: 0x00000265b78eb000

Marking Bits: (CMBitMap*) 0x00000265a2e42880
 Bits: [0x00000265bc0e0000, 0x00000265c0038000)

Polling page: 0x00000265a14e0000

Metaspace:

Usage:
  Non-class:      8.46 MB used.
      Class:      1.07 MB used.
       Both:      9.53 MB used.

Virtual space:
  Non-class space:       64.00 MB reserved,       8.56 MB ( 13%) committed,  1 nodes.
      Class space:        1.00 GB reserved,       1.19 MB ( <1%) committed,  1 nodes.
             Both:        1.06 GB reserved,       9.75 MB ( <1%) committed. 

Chunk freelists:
   Non-Class:  2.97 MB
       Class:  2.73 MB
        Both:  5.70 MB

MaxMetaspaceSize: unlimited
CompressedClassSpaceSize: 1.00 GB
Initial GC threshold: 21.00 MB
Current GC threshold: 21.00 MB
CDS: on
MetaspaceReclaimPolicy: balanced
 - commit_granule_bytes: 65536.
 - commit_granule_words: 8192.
 - virtual_space_node_default_size: 8388608.
 - enlarge_chunks_in_place: 1.
 - new_chunks_are_fully_committed: 0.
 - uncommit_free_chunks: 1.
 - use_allocation_guard: 0.


Internal statistics:

num_allocs_failed_limit: 0.
num_arena_births: 166.
num_arena_deaths: 0.
num_vsnodes_births: 2.
num_vsnodes_deaths: 0.
num_space_committed: 156.
num_space_uncommitted: 0.
num_chunks_returned_to_freelist: 0.
num_chunks_taken_from_freelist: 218.
num_chunk_merges: 0.
num_chunk_splits: 128.
num_chunks_enlarged: 58.
num_inconsistent_stats: 0.

CodeHeap 'non-profiled nmethods': size=120000Kb used=486Kb max_used=486Kb free=119513Kb
 bounds [0x00000265b2980000, 0x00000265b2bf0000, 0x00000265b9eb0000]
CodeHeap 'profiled nmethods': size=120000Kb used=2672Kb max_used=2672Kb free=117327Kb
 bounds [0x00000265aaeb0000, 0x00000265ab150000, 0x00000265b23e0000]
CodeHeap 'non-nmethods': size=5760Kb used=1671Kb max_used=1728Kb free=4089Kb
 bounds [0x00000265b23e0000, 0x00000265b2650000, 0x00000265b2980000]
 total_blobs=2086 nmethods=1418 adapters=579
 compilation: enabled
              stopped_count=0, restarted_count=0
 full_count=0

Compilation events (20 events):
Event: 2.087 Thread 0x00000265c2a93650 1383       3       java.lang.ThreadLocal::get (47 bytes)
Event: 2.087 Thread 0x00000265c2a93650 nmethod 1383 0x00000265ab114690 code [0x00000265ab114860, 0x00000265ab114ca8]
Event: 2.096 Thread 0x0000026610817d10 1390       4       java.util.concurrent.locks.ReentrantLock::lock (8 bytes)
Event: 2.099 Thread 0x0000026610817d10 nmethod 1390 0x00000265b29f7f10 code [0x00000265b29f80a0, 0x00000265b29f8360]
Event: 2.108 Thread 0x00000265c2a93650 1391       3       java.awt.EventQueue::setCurrentEventAndMostRecentTime (8 bytes)
Event: 2.109 Thread 0x00000265c2a93650 nmethod 1391 0x00000265ab114e10 code [0x00000265ab115000, 0x00000265ab1154a8]
Event: 2.116 Thread 0x00000265c2a93650 1392       3       sun.awt.SunToolkit::isTouchKeyboardAutoShowEnabled (4 bytes)
Event: 2.116 Thread 0x00000265c2a93650 nmethod 1392 0x00000265ab115690 code [0x00000265ab115820, 0x00000265ab115920]
Event: 2.117 Thread 0x00000265c2a93650 1393   !   3       java.awt.DefaultKeyboardFocusManager::dispatchEvent (1625 bytes)
Event: 2.133 Thread 0x00000265c2a93650 nmethod 1393 0x00000265ab115990 code [0x00000265ab116f20, 0x00000265ab128750]
Event: 2.133 Thread 0x00000265c2a93650 1394       3       java.awt.Toolkit::notifyAWTEventListeners (36 bytes)
Event: 2.134 Thread 0x00000265c2a93650 nmethod 1394 0x00000265ab12d410 code [0x00000265ab12d5e0, 0x00000265ab12dbb0]
Event: 2.134 Thread 0x00000265c2a93650 1395       3       java.awt.Component::areInputMethodsEnabled (39 bytes)
Event: 2.134 Thread 0x00000265c2a93650 nmethod 1395 0x00000265ab12dd10 code [0x00000265ab12dea0, 0x00000265ab12e0c0]
Event: 2.140 Thread 0x00000265c2a93650 1396       3       sun.awt.windows.WComponentPeer::handleEvent (173 bytes)
Event: 2.141 Thread 0x00000265c2a93650 nmethod 1396 0x00000265ab12e190 code [0x00000265ab12e3e0, 0x00000265ab12f710]
Event: 2.142 Thread 0x00000265c2a93650 1397       3       java.awt.Toolkit$SelectiveAWTEventListener::eventDispatched (745 bytes)
Event: 2.142 Thread 0x0000026610817d10 1398       4       java.util.ArrayList$Itr::next (66 bytes)
Event: 2.143 Thread 0x00000265c2a93650 nmethod 1397 0x00000265ab12fa10 code [0x00000265ab12fc60, 0x00000265ab1311c0]
Event: 2.143 Thread 0x0000026610817d10 nmethod 1398 0x00000265b29f8490 code [0x00000265b29f8600, 0x00000265b29f8750]

GC Heap History (0 events):
No events

Dll operation events (9 events):
Event: 0.009 Loaded shared library C:\Program Files\Java\jdk-20\bin\java.dll
Event: 0.034 Loaded shared library C:\Program Files\Java\jdk-20\bin\jsvml.dll
Event: 0.084 Loaded shared library C:\Program Files\Java\jdk-20\bin\net.dll
Event: 0.086 Loaded shared library C:\Program Files\Java\jdk-20\bin\nio.dll
Event: 0.108 Loaded shared library C:\Program Files\Java\jdk-20\bin\zip.dll
Event: 0.120 Loaded shared library C:\Program Files\Java\jdk-20\bin\jimage.dll
Event: 0.138 Loaded shared library C:\Program Files\Java\jdk-20\bin\awt.dll
Event: 0.299 Loaded shared library C:\Program Files\Java\jdk-20\bin\freetype.dll
Event: 0.300 Loaded shared library C:\Program Files\Java\jdk-20\bin\fontmanager.dll

Deoptimization events (20 events):
Event: 1.841 Thread 0x00000265c2a85a20 DEOPT PACKING pc=0x00000265ab0da9c6 sp=0x000000b06c0feec0
Event: 1.841 Thread 0x00000265c2a85a20 DEOPT UNPACKING pc=0x00000265b244a4c2 sp=0x000000b06c0fe330 mode 0
Event: 1.841 Thread 0x00000265c2a85a20 DEOPT PACKING pc=0x00000265ab0da9c6 sp=0x000000b06c0feec0
Event: 1.841 Thread 0x00000265c2a85a20 DEOPT UNPACKING pc=0x00000265b244a4c2 sp=0x000000b06c0fe330 mode 0
Event: 1.841 Thread 0x00000265c2a85a20 DEOPT PACKING pc=0x00000265ab0da9c6 sp=0x000000b06c0feec0
Event: 1.841 Thread 0x00000265c2a85a20 DEOPT UNPACKING pc=0x00000265b244a4c2 sp=0x000000b06c0fe330 mode 0
Event: 1.842 Thread 0x00000265c2a85a20 DEOPT PACKING pc=0x00000265ab0da9c6 sp=0x000000b06c0feec0
Event: 1.842 Thread 0x00000265c2a85a20 DEOPT UNPACKING pc=0x00000265b244a4c2 sp=0x000000b06c0fe330 mode 0
Event: 1.842 Thread 0x00000265c2a85a20 DEOPT PACKING pc=0x00000265ab0da9c6 sp=0x000000b06c0feec0
Event: 1.842 Thread 0x00000265c2a85a20 DEOPT UNPACKING pc=0x00000265b244a4c2 sp=0x000000b06c0fe330 mode 0
Event: 1.842 Thread 0x00000265c2a85a20 DEOPT PACKING pc=0x00000265ab0da9c6 sp=0x000000b06c0feec0
Event: 1.842 Thread 0x00000265c2a85a20 DEOPT UNPACKING pc=0x00000265b244a4c2 sp=0x000000b06c0fe330 mode 0
Event: 1.843 Thread 0x00000265c2a85a20 DEOPT PACKING pc=0x00000265ab0da9c6 sp=0x000000b06c0feec0
Event: 1.843 Thread 0x00000265c2a85a20 DEOPT UNPACKING pc=0x00000265b244a4c2 sp=0x000000b06c0fe330 mode 0
Event: 1.843 Thread 0x00000265c2a85a20 DEOPT PACKING pc=0x00000265ab0da9c6 sp=0x000000b06c0feec0
Event: 1.843 Thread 0x00000265c2a85a20 DEOPT UNPACKING pc=0x00000265b244a4c2 sp=0x000000b06c0fe330 mode 0
Event: 1.844 Thread 0x00000265c2a85a20 DEOPT PACKING pc=0x00000265ab0da9c6 sp=0x000000b06c0feec0
Event: 1.844 Thread 0x00000265c2a85a20 DEOPT UNPACKING pc=0x00000265b244a4c2 sp=0x000000b06c0fe330 mode 0
Event: 1.844 Thread 0x00000265c2a85a20 DEOPT PACKING pc=0x00000265ab0da9c6 sp=0x000000b06c0feec0
Event: 1.844 Thread 0x00000265c2a85a20 DEOPT UNPACKING pc=0x00000265b244a4c2 sp=0x000000b06c0fe330 mode 0

Classes loaded (20 events):
Event: 1.769 Loading class java/io/Reader done
Event: 1.769 Loading class java/io/InputStreamReader done
Event: 1.769 Loading class sun/nio/cs/StreamDecoder
Event: 1.769 Loading class sun/nio/cs/StreamDecoder done
Event: 1.769 Loading class java/util/Scanner$PatternLRUCache
Event: 1.769 Loading class java/util/Scanner$PatternLRUCache done
Event: 1.847 Loading class java/awt/Window$1DisposeAction
Event: 1.847 Loading class java/awt/Window$1DisposeAction done
Event: 1.847 Loading class java/awt/KeyboardFocusManager$2
Event: 1.847 Loading class java/awt/KeyboardFocusManager$2 done
Event: 1.848 Loading class sun/awt/SunToolkit$1
Event: 1.848 Loading class sun/awt/SunToolkit$1 done
Event: 1.862 Loading class java/awt/LightweightDispatcher$2
Event: 1.862 Loading class java/awt/LightweightDispatcher$2 done
Event: 1.976 Loading class sun/font/SunFontManager$FamilyDescription
Event: 1.976 Loading class sun/font/SunFontManager$FamilyDescription done
Event: 1.977 Loading class sun/font/SunFontManager$4
Event: 1.977 Loading class sun/font/SunFontManager$4 done
Event: 2.040 Loading class sun/java2d/SurfaceDataProxy$CountdownTracker
Event: 2.040 Loading class sun/java2d/SurfaceDataProxy$CountdownTracker done

Classes unloaded (0 events):
No events

Classes redefined (0 events):
No events

Internal exceptions (20 events):
Event: 0.345 Thread 0x00000265a2dd20d0 Exception <a 'java/lang/ClassNotFoundException'{0x000000071203d490}: ToggleButton> (0x000000071203d490) 
thrown [s\open\src\hotspot\share\classfile\systemDictionary.cpp, line 305]
Event: 0.345 Thread 0x00000265a2dd20d0 Exception <a 'java/lang/ClassNotFoundException'{0x000000071203d8d0}: javax/swing/JToolBarSeparator> (0x000000071203d8d0) 
thrown [s\open\src\hotspot\share\classfile\systemDictionary.cpp, line 305]
Event: 0.345 Thread 0x00000265a2dd20d0 Exception <a 'java/lang/ClassNotFoundException'{0x000000071203dbe0}: ToolBarSeparator> (0x000000071203dbe0) 
thrown [s\open\src\hotspot\share\classfile\systemDictionary.cpp, line 305]
Event: 0.345 Thread 0x00000265a2dd20d0 Exception <a 'java/lang/ClassNotFoundException'{0x000000071203e0e8}: ToolTip> (0x000000071203e0e8) 
thrown [s\open\src\hotspot\share\classfile\systemDictionary.cpp, line 305]
Event: 0.346 Thread 0x00000265a2dd20d0 Exception <a 'java/lang/ClassNotFoundException'{0x000000071203ea28}: Tree> (0x000000071203ea28) 
thrown [s\open\src\hotspot\share\classfile\systemDictionary.cpp, line 305]
Event: 0.346 Thread 0x00000265a2dd20d0 Exception <a 'java/lang/ClassNotFoundException'{0x000000071203ef20}: Tree> (0x000000071203ef20) 
thrown [s\open\src\hotspot\share\classfile\systemDictionary.cpp, line 305]
Event: 0.346 Thread 0x00000265a2dd20d0 Exception <a 'java/lang/ClassNotFoundException'{0x000000071203f290}: javax/swing/JTreeCell> (0x000000071203f290) 
thrown [s\open\src\hotspot\share\classfile\systemDictionary.cpp, line 305]
Event: 0.346 Thread 0x00000265a2dd20d0 Exception <a 'java/lang/ClassNotFoundException'{0x000000071203f598}: TreeCell> (0x000000071203f598) 
thrown [s\open\src\hotspot\share\classfile\systemDictionary.cpp, line 305]
Event: 0.346 Thread 0x00000265a2dd20d0 Exception <a 'java/lang/ClassNotFoundException'{0x000000071203fd40}: RootPane> (0x000000071203fd40) 
thrown [s\open\src\hotspot\share\classfile\systemDictionary.cpp, line 305]
Event: 0.348 Thread 0x00000265a2dd20d0 Exception <a 'java/lang/ClassNotFoundException'{0x0000000712042ae8}: com/sun/swing/internal/plaf/metal/resources/spi/metalProvider> (0x0000000712042ae8) 
thrown [s\open\src\hotspot\share\classfile\systemDictionary.cpp, line 305]
Event: 0.349 Thread 0x00000265a2dd20d0 Exception <a 'java/lang/ClassNotFoundException'{0x0000000712046798}: com/sun/swing/internal/plaf/basic/resources/spi/basicProvider> (0x0000000712046798) 
thrown [s\open\src\hotspot\share\classfile\systemDictionary.cpp, line 305]
Event: 0.571 Thread 0x00000265c2a86f60 Exception <a 'java/lang/ClassNotFoundException'{0x00000007120f7090}: com/sun/swing/internal/plaf/synth/resources/spi/synthProvider> (0x00000007120f7090) 
thrown [s\open\src\hotspot\share\classfile\systemDictionary.cpp, line 305]
Event: 0.589 Thread 0x00000265c2a86f60 Exception <a 'java/lang/NoSuchMethodError'{0x000000071213a0e0}: 'int java.lang.invoke.Invokers$Holder.invokeExact_MT(java.lang.Object, java.lang.Object)'> (0x000000071213a0e0) 
thrown [s\open\src\hotspot\share\interpreter\linkResolver.cpp, line 773]
Event: 0.593 Thread 0x00000265c2a86f60 Exception <a 'java/lang/NoSuchMethodError'{0x0000000712140070}: 'java.lang.Object java.lang.invoke.DirectMethodHandle$Holder.newInvokeSpecial(java.lang.Object, java.lang.Object, int)'> (0x0000000712140070) 
thrown [s\open\src\hotspot\share\interpreter\linkResolver.cpp, line 773]
Event: 0.594 Thread 0x00000265c2a86f60 Exception <a 'java/lang/NoSuchMethodError'{0x0000000712144f20}: 'int java.lang.invoke.DirectMethodHandle$Holder.invokeSpecial(java.lang.Object, java.lang.Object, java.lang.Object, int)'> (0x0000000712144f20) 
thrown [s\open\src\hotspot\share\interpreter\linkResolver.cpp, line 773]
Event: 0.596 Thread 0x00000265c2a86f60 Exception <a 'java/lang/NoSuchMethodError'{0x00000007121c8230}: 'java.lang.Object java.lang.invoke.DirectMethodHandle$Holder.invokeStatic(java.lang.Object, java.lang.Object, java.lang.Object, java.lang.Object, int)'> (0x00000007121c8230) 
thrown [s\open\src\hotspot\share\interpreter\linkResolver.cpp, line 773]
Event: 0.597 Thread 0x00000265c2a86f60 Exception <a 'java/lang/NoSuchMethodError'{0x00000007121d0628}: 'int java.lang.invoke.DirectMethodHandle$Holder.invokeSpecial(java.lang.Object, java.lang.Object, java.lang.Object)'> (0x00000007121d0628) 
thrown [s\open\src\hotspot\share\interpreter\linkResolver.cpp, line 773]
Event: 0.674 Thread 0x00000265c2a85a20 Exception <a 'java/lang/NoSuchMethodError'{0x0000000711fa6378}: 'java.lang.Object java.lang.invoke.DirectMethodHandle$Holder.newInvokeSpecial(java.lang.Object, java.lang.Object, java.lang.Object, int, int, int, int, int)'> (0x0000000711fa6378) 
thrown [s\open\src\hotspot\share\interpreter\linkResolver.cpp, line 773]
Event: 0.783 Thread 0x00000265c2a86f60 Exception <a 'java/lang/NoSuchMethodError'{0x0000000711de3410}: 'void java.lang.invoke.DirectMethodHandle$Holder.invokeStaticInit(java.lang.Object)'> (0x0000000711de3410) 
thrown [s\open\src\hotspot\share\interpreter\linkResolver.cpp, line 773]
Event: 0.816 Thread 0x00000265c2a85f70 Exception <a 'java/lang/NoSuchMethodError'{0x0000000712280c18}: 'void java.lang.invoke.DirectMethodHandle$Holder.invokeVirtual(java.lang.Object, java.lang.Object)'> (0x0000000712280c18) 
thrown [s\open\src\hotspot\share\interpreter\linkResolver.cpp, line 773]

VM Operations (10 events):
Event: 0.092 Executing VM operation: HandshakeAllThreads
Event: 0.092 Executing VM operation: HandshakeAllThreads done
Event: 0.170 Executing VM operation: HandshakeAllThreads
Event: 0.170 Executing VM operation: HandshakeAllThreads done
Event: 0.659 Executing VM operation: HandshakeAllThreads
Event: 0.659 Executing VM operation: HandshakeAllThreads done
Event: 0.773 Executing VM operation: HandshakeAllThreads
Event: 0.773 Executing VM operation: HandshakeAllThreads done
Event: 1.459 Executing VM operation: ICBufferFull
Event: 1.459 Executing VM operation: ICBufferFull done

Events (20 events):
Event: 0.048 Thread 0x00000265c2a7a340 Thread added: 0x00000265c2a7a340
Event: 0.049 Thread 0x00000265c2a7c550 Thread added: 0x00000265c2a7c550
Event: 0.049 Thread 0x00000265c2a7f350 Thread added: 0x00000265c2a7f350
Event: 0.049 Thread 0x00000265c2a839f0 Thread added: 0x00000265c2a839f0
Event: 0.049 Thread 0x00000265c2a83f90 Thread added: 0x00000265c2a83f90
Event: 0.049 Thread 0x00000265c2a8b9e0 Thread added: 0x00000265c2a8b9e0
Event: 0.049 Thread 0x00000265c2a93650 Thread added: 0x00000265c2a93650
Event: 0.072 Thread 0x00000265c2a844e0 Thread added: 0x00000265c2a844e0
Event: 0.103 Thread 0x00000265c2a84a30 Thread added: 0x00000265c2a84a30
Event: 0.204 Thread 0x00000265c2a84f80 Thread added: 0x00000265c2a84f80
Event: 0.205 Thread 0x00000265c2a854d0 Thread added: 0x00000265c2a854d0
Event: 0.207 Thread 0x00000265c2a85f70 Thread added: 0x00000265c2a85f70
Event: 0.362 Thread 0x00000265c2a86f60 Thread added: 0x00000265c2a86f60
Event: 0.362 Thread 0x00000265a2dd20d0 Thread exited: 0x00000265a2dd20d0
Event: 0.362 Thread 0x00000265c2a864c0 Thread added: 0x00000265c2a864c0
Event: 0.613 Thread 0x00000265c2a85a20 Thread added: 0x00000265c2a85a20
Event: 0.834 Thread 0x00000265c2a86a10 Thread added: 0x00000265c2a86a10
Event: 0.900 Thread 0x00000266103ff960 Thread added: 0x00000266103ff960
Event: 1.131 Thread 0x00000266103ff960 Thread exited: 0x00000266103ff960
Event: 1.987 Thread 0x0000026610817d10 Thread added: 0x0000026610817d10


Dynamic libraries:
0x00007ff6765e0000 - 0x00007ff6765f0000 	C:\Program Files\Java\jdk-20\bin\java.exe
0x00007ffcf0cb0000 - 0x00007ffcf0ec7000 	C:\WINDOWS\SYSTEM32\ntdll.dll
0x00007ffcef780000 - 0x00007ffcef844000 	C:\WINDOWS\System32\KERNEL32.DLL
0x00007ffcee490000 - 0x00007ffcee835000 	C:\WINDOWS\System32\KERNELBASE.dll
0x00007ffcee190000 - 0x00007ffcee2a1000 	C:\WINDOWS\System32\ucrtbase.dll
0x00007ffccf310000 - 0x00007ffccf329000 	C:\Program Files\Java\jdk-20\bin\jli.dll
0x00007ffcef510000 - 0x00007ffcef5c1000 	C:\WINDOWS\System32\ADVAPI32.dll
0x00007ffcef6d0000 - 0x00007ffcef777000 	C:\WINDOWS\System32\msvcrt.dll
0x00007ffceeb80000 - 0x00007ffceec26000 	C:\WINDOWS\System32\sechost.dll
0x00007ffceec30000 - 0x00007ffceed47000 	C:\WINDOWS\System32\RPCRT4.dll
0x00007ffcd8550000 - 0x00007ffcd856b000 	C:\Program Files\Java\jdk-20\bin\VCRUNTIME140.dll
0x00007ffcf0860000 - 0x00007ffcf0a0e000 	C:\WINDOWS\System32\USER32.dll
0x00007ffcee840000 - 0x00007ffcee866000 	C:\WINDOWS\System32\win32u.dll
0x00007ffcd7180000 - 0x00007ffcd7413000 	C:\WINDOWS\WinSxS\amd64_microsoft.windows.common-controls_6595b64144ccf1df_6.0.22621.2506_none_270c5ae97388e100\COMCTL32.dll
0x00007ffcf0a10000 - 0x00007ffcf0a39000 	C:\WINDOWS\System32\GDI32.dll
0x00007ffcee870000 - 0x00007ffcee989000 	C:\WINDOWS\System32\gdi32full.dll
0x00007ffcee2b0000 - 0x00007ffcee34a000 	C:\WINDOWS\System32\msvcp_win.dll
0x00007ffce4d40000 - 0x00007ffce4d4a000 	C:\WINDOWS\SYSTEM32\VERSION.dll
0x00007ffcf0820000 - 0x00007ffcf0851000 	C:\WINDOWS\System32\IMM32.DLL
0x00007ffcca9d0000 - 0x00007ffccaaad000 	C:\Program Files\Windhawk\Engine\1.3.1\64\windhawk.dll
0x00007ffcd8d30000 - 0x00007ffcd8d3c000 	C:\Program Files\Java\jdk-20\bin\vcruntime140_1.dll
0x00007ffcccf60000 - 0x00007ffcccfee000 	C:\Program Files\Java\jdk-20\bin\msvcp140.dll
0x00007ffc3c140000 - 0x00007ffc3cdd8000 	C:\Program Files\Java\jdk-20\bin\server\jvm.dll
0x00007ffce4e00000 - 0x00007ffce4e34000 	C:\WINDOWS\SYSTEM32\WINMM.dll
0x00007ffce9040000 - 0x00007ffce9049000 	C:\WINDOWS\SYSTEM32\WSOCK32.dll
0x00007ffcef1a0000 - 0x00007ffcef211000 	C:\WINDOWS\System32\WS2_32.dll
0x00007ffced070000 - 0x00007ffced088000 	C:\WINDOWS\SYSTEM32\kernel.appcore.dll
0x00007ffcd8910000 - 0x00007ffcd891a000 	C:\Program Files\Java\jdk-20\bin\jimage.dll
0x00007ffceb130000 - 0x00007ffceb363000 	C:\WINDOWS\SYSTEM32\DBGHELP.DLL
0x00007ffceed50000 - 0x00007ffcef0d9000 	C:\WINDOWS\System32\combase.dll
0x00007ffcef870000 - 0x00007ffcef947000 	C:\WINDOWS\System32\OLEAUT32.dll
0x00007ffcc90e0000 - 0x00007ffcc9112000 	C:\WINDOWS\SYSTEM32\dbgcore.DLL
0x00007ffcee350000 - 0x00007ffcee3ca000 	C:\WINDOWS\System32\bcryptPrimitives.dll
0x00007ffcccec0000 - 0x00007ffcccee6000 	C:\Program Files\Java\jdk-20\bin\java.dll
0x00007ffcbba30000 - 0x00007ffcbbb07000 	C:\Program Files\Java\jdk-20\bin\jsvml.dll
0x00007ffcef950000 - 0x00007ffcf01a9000 	C:\WINDOWS\System32\SHELL32.dll
0x00007ffcebef0000 - 0x00007ffcec7e4000 	C:\WINDOWS\SYSTEM32\windows.storage.dll
0x00007ffcebdb0000 - 0x00007ffcebeee000 	C:\WINDOWS\SYSTEM32\wintypes.dll
0x00007ffcef2a0000 - 0x00007ffcef393000 	C:\WINDOWS\System32\SHCORE.dll
0x00007ffcef4b0000 - 0x00007ffcef50e000 	C:\WINDOWS\System32\shlwapi.dll
0x00007ffcedf50000 - 0x00007ffcedf76000 	C:\WINDOWS\SYSTEM32\profapi.dll
0x00007ffcd8010000 - 0x00007ffcd8023000 	C:\Program Files\Java\jdk-20\bin\net.dll
0x00007ffce5ec0000 - 0x00007ffce5ff7000 	C:\WINDOWS\SYSTEM32\WINHTTP.dll
0x00007ffced550000 - 0x00007ffced5b9000 	C:\WINDOWS\system32\mswsock.dll
0x00007ffcd7e80000 - 0x00007ffcd7e96000 	C:\Program Files\Java\jdk-20\bin\nio.dll
0x00007ffcd9190000 - 0x00007ffcd91a8000 	C:\Program Files\Java\jdk-20\bin\zip.dll
0x00007ffc7e140000 - 0x00007ffc7e2d1000 	C:\Program Files\Java\jdk-20\bin\awt.dll
0x00007ffceadc0000 - 0x00007ffceae57000 	C:\WINDOWS\SYSTEM32\apphelp.dll
0x00007ffceb370000 - 0x00007ffceb41b000 	C:\WINDOWS\system32\uxtheme.dll
0x00007ffceea30000 - 0x00007ffceeb7f000 	C:\WINDOWS\System32\MSCTF.dll
0x00007ffcf0680000 - 0x00007ffcf0820000 	C:\WINDOWS\System32\ole32.dll
0x00007ffceb850000 - 0x00007ffceb87b000 	C:\WINDOWS\system32\DWMAPI.DLL
0x00007ffcc21a0000 - 0x00007ffcc2226000 	C:\Program Files\Java\jdk-20\bin\freetype.dll
0x00007ffcad8f0000 - 0x00007ffcad9c3000 	C:\Program Files\Java\jdk-20\bin\fontmanager.dll
0x00007ffcd1220000 - 0x00007ffcd1320000 	C:\WINDOWS\system32\opengl32.dll
0x00007ffcd9700000 - 0x00007ffcd972d000 	C:\WINDOWS\SYSTEM32\GLU32.dll
0x00007ffceb610000 - 0x00007ffceb646000 	C:\WINDOWS\SYSTEM32\dxcore.dll
0x00007ffcb9ac0000 - 0x00007ffcb9c69000 	C:\WINDOWS\system32\d3d9.dll
0x00007ffca1120000 - 0x00007ffca11dc000 	C:\WINDOWS\System32\DriverStore\FileRepository\nvaci.inf_amd64_73bd318f930c08f0\nvldumdx.dll
0x00007ffcedcc0000 - 0x00007ffcedcd2000 	C:\WINDOWS\SYSTEM32\msasn1.dll
0x00007ffcdddf0000 - 0x00007ffcdde22000 	C:\WINDOWS\SYSTEM32\cryptnet.dll
0x00007ffcee020000 - 0x00007ffcee186000 	C:\WINDOWS\System32\CRYPT32.dll
0x00007ffcddb40000 - 0x00007ffcddc98000 	C:\WINDOWS\SYSTEM32\drvstore.dll
0x00007ffcedce0000 - 0x00007ffcedd0c000 	C:\WINDOWS\SYSTEM32\devobj.dll
0x00007ffcedd10000 - 0x00007ffcedd5e000 	C:\WINDOWS\SYSTEM32\cfgmgr32.dll
0x00007ffced890000 - 0x00007ffced8db000 	C:\WINDOWS\SYSTEM32\wldp.dll
0x00007ffced770000 - 0x00007ffced77c000 	C:\WINDOWS\SYSTEM32\cryptbase.dll
0x00007ffcee990000 - 0x00007ffcee9fc000 	C:\WINDOWS\System32\wintrust.dll
0x00007ffceea00000 - 0x00007ffceea1f000 	C:\WINDOWS\System32\imagehlp.dll
0x00007ffced780000 - 0x00007ffced79b000 	C:\WINDOWS\SYSTEM32\CRYPTSP.dll
0x00007ffced030000 - 0x00007ffced065000 	C:\WINDOWS\system32\rsaenh.dll
0x00007ffced9b0000 - 0x00007ffced9d8000 	C:\WINDOWS\SYSTEM32\bcrypt.dll
0x00007ffc9d5b0000 - 0x00007ffc9f79e000 	C:\WINDOWS\System32\DriverStore\FileRepository\nvaci.inf_amd64_73bd318f930c08f0\nvgpucomp64.dll
0x00007ffc927a0000 - 0x00007ffc95165000 	C:\WINDOWS\System32\DriverStore\FileRepository\nvaci.inf_amd64_73bd318f930c08f0\nvd3dumx.dll
0x00007ffce7190000 - 0x00007ffce71da000 	C:\WINDOWS\SYSTEM32\directxdatabasehelper.dll
0x00007ffc97c60000 - 0x00007ffc97dcc000 	C:\WINDOWS\System32\DriverStore\FileRepository\iigd_dch.inf_amd64_5802b1615520e41c\igdumdim64.dll
0x00007ffc8c7d0000 - 0x00007ffc903d6000 	C:\WINDOWS\System32\DriverStore\FileRepository\iigd_dch.inf_amd64_5802b1615520e41c\igd9dxva64.dll
0x00007ffcf01b0000 - 0x00007ffcf0624000 	C:\WINDOWS\System32\SETUPAPI.dll
0x00007ffce1450000 - 0x00007ffce1817000 	C:\WINDOWS\System32\DriverStore\FileRepository\iigd_dch.inf_amd64_5802b1615520e41c\igdgmm64.dll
0x00007ffca0140000 - 0x00007ffca0411000 	C:\WINDOWS\system32\nvspcap64.dll
0x00007ffced0f0000 - 0x00007ffced124000 	C:\WINDOWS\SYSTEM32\ntmarta.dll
0x00007ffced5c0000 - 0x00007ffced5e6000 	C:\WINDOWS\SYSTEM32\gpapi.dll
0x00007ffcd81c0000 - 0x00007ffcd830a000 	C:\WINDOWS\SYSTEM32\textinputframework.dll
0x00007ffceaac0000 - 0x00007ffceabf3000 	C:\WINDOWS\SYSTEM32\CoreMessaging.dll
0x00007ffce61a0000 - 0x00007ffce650c000 	C:\WINDOWS\SYSTEM32\CoreUIComponents.dll

dbghelp: loaded successfully - version: 4.0.5 - missing functions: none
symbol engine: initialized successfully - sym options: 0x614 - pdb path: .;C:\Program Files\Java\jdk-20\bin;C:\WINDOWS\SYSTEM32;C:\WINDOWS\WinSxS\amd64_microsoft.windows.common-controls_6595b64144ccf1df_6.0.22621.2506_none_270c5ae97388e100;C:\Program Files\Windhawk\Engine\1.3.1\64;C:\Program Files\Java\jdk-20\bin\server;C:\WINDOWS\System32\DriverStore\FileRepository\nvaci.inf_amd64_73bd318f930c08f0;C:\WINDOWS\System32\DriverStore\FileRepository\iigd_dch.inf_amd64_5802b1615520e41c

VM Arguments:
jvm_args: -Dfile.encoding=UTF-8 --module-path=C:\Users\henri\OneDrive\Documentos\GitHub\SIRILANKA-FACE\build\classes 
java_command: view.MenuMain
java_class_path (initial): C:\Program Files\NetBeans-19\netbeans\java\modules\ext\AbsoluteLayout.jar;C:\Users\henri\OneDrive\Documentos\GitHub\SIRILANKA-FACE\build\classes
Launcher Type: SUN_STANDARD

[Global flags]
     intx CICompilerCount                          = 4                                         {product} {ergonomic}
     uint ConcGCThreads                            = 2                                         {product} {ergonomic}
     uint G1ConcRefinementThreads                  = 8                                         {product} {ergonomic}
   size_t G1HeapRegionSize                         = 2097152                                   {product} {ergonomic}
    uintx GCDrainStackTargetSize                   = 64                                        {product} {ergonomic}
   size_t InitialHeapSize                          = 266338304                                 {product} {ergonomic}
   size_t MarkStackSize                            = 4194304                                   {product} {ergonomic}
   size_t MaxHeapSize                              = 4250927104                                {product} {ergonomic}
   size_t MaxNewSize                               = 2550136832                                {product} {ergonomic}
   size_t MinHeapDeltaBytes                        = 2097152                                   {product} {ergonomic}
   size_t MinHeapSize                              = 8388608                                   {product} {ergonomic}
    uintx NonNMethodCodeHeapSize                   = 5839372                                {pd product} {ergonomic}
    uintx NonProfiledCodeHeapSize                  = 122909434                              {pd product} {ergonomic}
    uintx ProfiledCodeHeapSize                     = 122909434                              {pd product} {ergonomic}
    uintx ReservedCodeCacheSize                    = 251658240                              {pd product} {ergonomic}
     bool SegmentedCodeCache                       = true                                      {product} {ergonomic}
   size_t SoftMaxHeapSize                          = 4250927104                             {manageable} {ergonomic}
     bool UseCompressedClassPointers               = true                           {product lp64_product} {ergonomic}
     bool UseCompressedOops                        = true                           {product lp64_product} {ergonomic}
     bool UseG1GC                                  = true                                      {product} {ergonomic}
     bool UseLargePagesIndividualAllocation        = false                                  {pd product} {ergonomic}

Logging:
Log output configuration:
 #0: stdout all=warning uptime,level,tags foldmultilines=false
 #1: stderr all=off uptime,level,tags foldmultilines=false

Environment Variables:
PATH=C:\Program Files\Python311\Scripts\;C:\Program Files\Python311\;C:\Program Files\Common Files\Oracle\Java\javapath;C:\MinGW\bin;C:\WINDOWS\system32;C:\WINDOWS;C:\WINDOWS\System32\Wbem;C:\WINDOWS\System32\WindowsPowerShell\v1.0\;C:\WINDOWS\System32\OpenSSH\;C:\Program Files\NVIDIA Corporation\NVIDIA NvDLISR;C:\Program Files (x86)\NVIDIA Corporation\PhysX\Common;C:\WINDOWS\system32;C:\WINDOWS;C:\WINDOWS\System32\Wbem;C:\WINDOWS\System32\WindowsPowerShell\v1.0\;C:\WINDOWS\System32\OpenSSH\;C:\Program Files\Java\jdk-20\bin;C:\Program Files\Git\cmd;C:\msys64\mingw64\bin;C:\msys64\mingw32\bin;C:\msys64\usr\bin;c:\program files\gnuwin32\bin;c:\program files\gnuwin32\bin;C:\Program Files (x86)\GnuWin32\bin;C:\Users\henri\AppData\Local\Microsoft\WindowsApps;C:\Users\henri\AppData\Local\Programs\Microsoft VS Code\bin;C:\Program Files\JetBrains\IntelliJ IDEA 2023.2\bin;C:\Users\henri\AppData\Roaming\Python\Python311\Scripts
USERNAME=henri
OS=Windows_NT
PROCESSOR_IDENTIFIER=Intel64 Family 6 Model 165 Stepping 2, GenuineIntel
TMP=C:\Users\henri\AppData\Local\Temp
TEMP=C:\Users\henri\AppData\Local\Temp




---------------  S Y S T E M  ---------------

OS:
 Windows 11 , 64 bit Build 22621 (10.0.22621.2506)
OS uptime: 2 days 13:14 hours
Hyper-V role detected

CPU: total 8 (initial active 8) (4 cores per cpu, 2 threads per core) family 6 model 165 stepping 2 microcode 0xea, cx8, cmov, fxsr, ht, mmx, 3dnowpref, sse, sse2, sse3, ssse3, sse4.1, sse4.2, popcnt, lzcnt, tsc, tscinvbit, avx, avx2, aes, erms, clmul, bmi1, bmi2, adx, fma, vzeroupper, clflush, clflushopt, hv, rdtscp, f16c

Memory: 4k page, system-wide physical 16215M (1693M free)
TotalPageFile size 32394M (AvailPageFile size 5M)
current process WorkingSet (physical memory assigned to process): 127M, peak: 129M
current process commit charge ("private bytes"): 421M, peak: 424M

vm_info: Java HotSpot(TM) 64-Bit Server VM (20.0.2+9-78) for windows-amd64 JRE (20.0.2+9-78), built on 2023-06-14T10:08:48Z by "mach5one" with MS VC++ 17.1 (VS2022)

END.
